0 verbose cli /home/mhpet/.nvm/versions/node/v22.22.0/bin/node /home/mhpet/.nvm/versions/node/v22.22.0/lib/node_modules/npm/bin/npm-cli.js
1 info using npm@11.10.0
2 info using node@v22.22.0
3 silly config load:file:/home/mhpet/.nvm/versions/node/v22.22.0/lib/node_modules/npm/npmrc
4 silly config load:file:/home/mhpet/projects/fantasy-foundry/.npmrc
5 silly config load:file:/home/mhpet/.npmrc
6 silly config load:file:/home/mhpet/.nvm/versions/node/v22.22.0/etc/npmrc
7 verbose title npm exec @railway/cli whoami
8 verbose argv "exec" "--yes" "--" "@railway/cli" "whoami"
9 verbose logfile logs-max:10 dir:/home/mhpet/projects/fantasy-foundry/tmp/.npm-cache/_logs/2026-02-20T18_27_40_311Z-
10 verbose logfile /home/mhpet/projects/fantasy-foundry/tmp/.npm-cache/_logs/2026-02-20T18_27_40_311Z-debug-0.log
11 silly logfile done cleaning log files
12 silly packumentCache heap:4345298944 maxSize:1086324736 maxEntrySize:543162368
13 http fetch GET 200 https://registry.npmjs.org/npm 251ms
14 http fetch GET 200 https://registry.npmjs.org/@railway%2fcli 278ms (cache miss)
15 silly packumentCache heap:4345298944 maxSize:1086324736 maxEntrySize:543162368
16 silly packumentCache heap:4345298944 maxSize:1086324736 maxEntrySize:543162368
17 silly idealTree buildDeps
18 silly fetch manifest @railway/cli@4.30.3
19 silly packumentCache full:https://registry.npmjs.org/@railway%2fcli cache-miss
20 http fetch GET 200 https://registry.npmjs.org/@railway%2fcli 128ms (cache miss)
21 silly packumentCache full:https://registry.npmjs.org/@railway%2fcli set size:undefined disposed:false
22 silly placeDep ROOT @railway/cli@4.30.3 OK for:  want: 4.30.3
23 silly fetch manifest @napi-rs/triples@^1.1.0
24 silly packumentCache full:https://registry.npmjs.org/@napi-rs%2ftriples cache-miss
25 silly fetch manifest node-fetch@^3.1.0
26 silly packumentCache full:https://registry.npmjs.org/node-fetch cache-miss
27 silly fetch manifest tar@^6.1.11
28 silly packumentCache full:https://registry.npmjs.org/tar cache-miss
29 http fetch GET 200 https://registry.npmjs.org/@napi-rs%2ftriples 89ms (cache miss)
30 silly packumentCache full:https://registry.npmjs.org/@napi-rs%2ftriples set size:undefined disposed:false
31 http fetch GET 200 https://registry.npmjs.org/node-fetch 95ms (cache miss)
32 silly packumentCache full:https://registry.npmjs.org/node-fetch set size:undefined disposed:false
33 http fetch GET 200 https://registry.npmjs.org/tar 156ms (cache miss)
34 silly packumentCache full:https://registry.npmjs.org/tar set size:undefined disposed:false
35 silly placeDep ROOT @napi-rs/triples@1.2.0 OK for: @railway/cli@4.30.3 want: ^1.1.0
36 silly placeDep ROOT node-fetch@3.3.2 OK for: @railway/cli@4.30.3 want: ^3.1.0
37 silly placeDep ROOT tar@6.2.1 OK for: @railway/cli@4.30.3 want: ^6.1.11
38 silly fetch manifest data-uri-to-buffer@^4.0.0
39 silly packumentCache full:https://registry.npmjs.org/data-uri-to-buffer cache-miss
40 silly fetch manifest fetch-blob@^3.1.4
41 silly packumentCache full:https://registry.npmjs.org/fetch-blob cache-miss
42 silly fetch manifest formdata-polyfill@^4.0.10
43 silly packumentCache full:https://registry.npmjs.org/formdata-polyfill cache-miss
44 silly fetch manifest chownr@^2.0.0
45 silly packumentCache full:https://registry.npmjs.org/chownr cache-miss
46 silly fetch manifest mkdirp@^1.0.3
47 silly packumentCache full:https://registry.npmjs.org/mkdirp cache-miss
48 silly fetch manifest yallist@^4.0.0
49 silly packumentCache full:https://registry.npmjs.org/yallist cache-miss
50 silly fetch manifest minipass@^5.0.0
51 silly packumentCache full:https://registry.npmjs.org/minipass cache-miss
52 silly fetch manifest minizlib@^2.1.1
53 silly packumentCache full:https://registry.npmjs.org/minizlib cache-miss
54 silly fetch manifest fs-minipass@^2.0.0
55 silly packumentCache full:https://registry.npmjs.org/fs-minipass cache-miss
56 http fetch GET 200 https://registry.npmjs.org/fetch-blob 72ms (cache miss)
57 silly packumentCache full:https://registry.npmjs.org/fetch-blob set size:undefined disposed:false
58 http fetch GET 200 https://registry.npmjs.org/formdata-polyfill 73ms (cache miss)
59 silly packumentCache full:https://registry.npmjs.org/formdata-polyfill set size:undefined disposed:false
60 http fetch GET 200 https://registry.npmjs.org/data-uri-to-buffer 79ms (cache miss)
61 silly packumentCache full:https://registry.npmjs.org/data-uri-to-buffer set size:undefined disposed:false
62 http fetch GET 200 https://registry.npmjs.org/minizlib 165ms (cache miss)
63 silly packumentCache full:https://registry.npmjs.org/minizlib set size:undefined disposed:false
64 http fetch GET 200 https://registry.npmjs.org/mkdirp 170ms (cache miss)
65 silly packumentCache full:https://registry.npmjs.org/mkdirp set size:undefined disposed:false
66 http fetch GET 200 https://registry.npmjs.org/yallist 174ms (cache miss)
67 silly packumentCache full:https://registry.npmjs.org/yallist set size:undefined disposed:false
68 http fetch GET 200 https://registry.npmjs.org/chownr 176ms (cache miss)
69 silly packumentCache full:https://registry.npmjs.org/chownr set size:undefined disposed:false
70 http fetch GET 200 https://registry.npmjs.org/fs-minipass 176ms (cache miss)
71 silly packumentCache full:https://registry.npmjs.org/fs-minipass set size:undefined disposed:false
72 http fetch GET 200 https://registry.npmjs.org/minipass 180ms (cache miss)
73 silly packumentCache full:https://registry.npmjs.org/minipass set size:undefined disposed:false
74 silly placeDep ROOT data-uri-to-buffer@4.0.1 OK for: node-fetch@3.3.2 want: ^4.0.0
75 silly placeDep ROOT fetch-blob@3.2.0 OK for: node-fetch@3.3.2 want: ^3.1.4
76 silly placeDep ROOT formdata-polyfill@4.0.10 OK for: node-fetch@3.3.2 want: ^4.0.10
77 silly fetch manifest node-domexception@^1.0.0
78 silly packumentCache full:https://registry.npmjs.org/node-domexception cache-miss
79 silly fetch manifest web-streams-polyfill@^3.0.3
80 silly packumentCache full:https://registry.npmjs.org/web-streams-polyfill cache-miss
81 http fetch GET 200 https://registry.npmjs.org/web-streams-polyfill 65ms (cache miss)
82 silly packumentCache full:https://registry.npmjs.org/web-streams-polyfill set size:undefined disposed:false
83 http fetch GET 200 https://registry.npmjs.org/node-domexception 66ms (cache miss)
84 silly packumentCache full:https://registry.npmjs.org/node-domexception set size:undefined disposed:false
85 silly placeDep ROOT node-domexception@1.0.0 OK for: fetch-blob@3.2.0 want: ^1.0.0
86 silly placeDep ROOT web-streams-polyfill@3.3.3 OK for: fetch-blob@3.2.0 want: ^3.0.3
87 silly placeDep ROOT chownr@2.0.0 OK for: tar@6.2.1 want: ^2.0.0
88 silly placeDep ROOT fs-minipass@2.1.0 OK for: tar@6.2.1 want: ^2.0.0
89 silly placeDep ROOT minipass@5.0.0 OK for: tar@6.2.1 want: ^5.0.0
90 silly placeDep ROOT minizlib@2.1.2 OK for: tar@6.2.1 want: ^2.1.1
91 silly placeDep ROOT mkdirp@1.0.4 OK for: tar@6.2.1 want: ^1.0.3
92 silly placeDep ROOT yallist@4.0.0 OK for: tar@6.2.1 want: ^4.0.0
93 silly fetch manifest minipass@^3.0.0
94 silly packumentCache full:https://registry.npmjs.org/minipass cache-miss
95 silly fetch manifest minipass@^3.0.0
96 silly packumentCache full:https://registry.npmjs.org/minipass cache-miss
97 http cache https://registry.npmjs.org/minipass 4ms (cache hit)
98 silly packumentCache full:https://registry.npmjs.org/minipass set size:276925 disposed:false
99 http cache https://registry.npmjs.org/minipass 5ms (cache hit)
100 silly packumentCache full:https://registry.npmjs.org/minipass set size:276925 disposed:false
101 silly packumentCache full:https://registry.npmjs.org/minipass dispose
102 silly placeDep node_modules/fs-minipass minipass@3.3.6 OK for: fs-minipass@2.1.0 want: ^3.0.0
103 silly placeDep node_modules/minizlib minipass@3.3.6 OK for: minizlib@2.1.2 want: ^3.0.0
104 silly reify moves {}
105 silly audit bulk request {
105 silly audit   '@railway/cli': [ '4.30.3' ],
105 silly audit   '@napi-rs/triples': [ '1.2.0' ],
105 silly audit   'node-fetch': [ '3.3.2' ],
105 silly audit   tar: [ '6.2.1' ],
105 silly audit   'data-uri-to-buffer': [ '4.0.1' ],
105 silly audit   'fetch-blob': [ '3.2.0' ],
105 silly audit   'formdata-polyfill': [ '4.0.10' ],
105 silly audit   'node-domexception': [ '1.0.0' ],
105 silly audit   'web-streams-polyfill': [ '3.3.3' ],
105 silly audit   chownr: [ '2.0.0' ],
105 silly audit   'fs-minipass': [ '2.1.0' ],
105 silly audit   minipass: [ '5.0.0', '3.3.6' ],
105 silly audit   minizlib: [ '2.1.2' ],
105 silly audit   mkdirp: [ '1.0.4' ],
105 silly audit   yallist: [ '4.0.0' ]
105 silly audit }
106 http cache yallist@https://registry.npmjs.org/yallist/-/yallist-4.0.0.tgz 0ms (cache hit)
107 http cache mkdirp@https://registry.npmjs.org/mkdirp/-/mkdirp-1.0.4.tgz 0ms (cache hit)
108 http cache minipass@https://registry.npmjs.org/minipass/-/minipass-5.0.0.tgz 0ms (cache hit)
109 http cache fs-minipass@https://registry.npmjs.org/fs-minipass/-/fs-minipass-2.1.0.tgz 0ms (cache hit)
110 http cache chownr@https://registry.npmjs.org/chownr/-/chownr-2.0.0.tgz 0ms (cache hit)
111 http cache web-streams-polyfill@https://registry.npmjs.org/web-streams-polyfill/-/web-streams-polyfill-3.3.3.tgz 0ms (cache hit)
112 http cache node-domexception@https://registry.npmjs.org/node-domexception/-/node-domexception-1.0.0.tgz 0ms (cache hit)
113 http cache formdata-polyfill@https://registry.npmjs.org/formdata-polyfill/-/formdata-polyfill-4.0.10.tgz 0ms (cache hit)
114 http cache fetch-blob@https://registry.npmjs.org/fetch-blob/-/fetch-blob-3.2.0.tgz 0ms (cache hit)
115 http cache data-uri-to-buffer@https://registry.npmjs.org/data-uri-to-buffer/-/data-uri-to-buffer-4.0.1.tgz 0ms (cache hit)
116 http cache node-fetch@https://registry.npmjs.org/node-fetch/-/node-fetch-3.3.2.tgz 0ms (cache hit)
117 http cache tar@https://registry.npmjs.org/tar/-/tar-6.2.1.tgz 0ms (cache hit)
118 http cache minizlib@https://registry.npmjs.org/minizlib/-/minizlib-2.1.2.tgz 0ms (cache hit)
119 http cache @napi-rs/triples@https://registry.npmjs.org/@napi-rs/triples/-/triples-1.2.0.tgz 0ms (cache hit)
120 http cache @railway/cli@https://registry.npmjs.org/@railway/cli/-/cli-4.30.3.tgz 0ms (cache hit)
121 http cache minipass@https://registry.npmjs.org/minipass/-/minipass-3.3.6.tgz 0ms (cache hit)
122 http cache minipass@https://registry.npmjs.org/minipass/-/minipass-3.3.6.tgz 0ms (cache hit)
123 silly tarball no local data for yallist@https://registry.npmjs.org/yallist/-/yallist-4.0.0.tgz. Extracting by manifest.
124 silly tarball no local data for mkdirp@https://registry.npmjs.org/mkdirp/-/mkdirp-1.0.4.tgz. Extracting by manifest.
125 silly tarball no local data for minipass@https://registry.npmjs.org/minipass/-/minipass-5.0.0.tgz. Extracting by manifest.
126 silly tarball no local data for fs-minipass@https://registry.npmjs.org/fs-minipass/-/fs-minipass-2.1.0.tgz. Extracting by manifest.
127 silly tarball no local data for chownr@https://registry.npmjs.org/chownr/-/chownr-2.0.0.tgz. Extracting by manifest.
128 silly tarball no local data for web-streams-polyfill@https://registry.npmjs.org/web-streams-polyfill/-/web-streams-polyfill-3.3.3.tgz. Extracting by manifest.
129 silly tarball no local data for node-domexception@https://registry.npmjs.org/node-domexception/-/node-domexception-1.0.0.tgz. Extracting by manifest.
130 silly tarball no local data for formdata-polyfill@https://registry.npmjs.org/formdata-polyfill/-/formdata-polyfill-4.0.10.tgz. Extracting by manifest.
131 silly tarball no local data for fetch-blob@https://registry.npmjs.org/fetch-blob/-/fetch-blob-3.2.0.tgz. Extracting by manifest.
132 silly tarball no local data for data-uri-to-buffer@https://registry.npmjs.org/data-uri-to-buffer/-/data-uri-to-buffer-4.0.1.tgz. Extracting by manifest.
133 silly tarball no local data for node-fetch@https://registry.npmjs.org/node-fetch/-/node-fetch-3.3.2.tgz. Extracting by manifest.
134 silly tarball no local data for tar@https://registry.npmjs.org/tar/-/tar-6.2.1.tgz. Extracting by manifest.
135 silly tarball no local data for minizlib@https://registry.npmjs.org/minizlib/-/minizlib-2.1.2.tgz. Extracting by manifest.
136 silly tarball no local data for @napi-rs/triples@https://registry.npmjs.org/@napi-rs/triples/-/triples-1.2.0.tgz. Extracting by manifest.
137 silly tarball no local data for @railway/cli@https://registry.npmjs.org/@railway/cli/-/cli-4.30.3.tgz. Extracting by manifest.
138 silly tarball no local data for minipass@https://registry.npmjs.org/minipass/-/minipass-3.3.6.tgz. Extracting by manifest.
139 silly tarball no local data for minipass@https://registry.npmjs.org/minipass/-/minipass-3.3.6.tgz. Extracting by manifest.
140 http fetch GET 200 https://registry.npmjs.org/node-domexception/-/node-domexception-1.0.0.tgz 62ms (cache miss)
141 http fetch GET 200 https://registry.npmjs.org/mkdirp/-/mkdirp-1.0.4.tgz 64ms (cache miss)
142 warn deprecated node-domexception@1.0.0: Use your platform's native DOMException instead
143 http fetch GET 200 https://registry.npmjs.org/formdata-polyfill/-/formdata-polyfill-4.0.10.tgz 85ms (cache miss)
144 http fetch GET 200 https://registry.npmjs.org/yallist/-/yallist-4.0.0.tgz 89ms (cache miss)
145 http fetch GET 200 https://registry.npmjs.org/chownr/-/chownr-2.0.0.tgz 88ms (cache miss)
146 http fetch GET 200 https://registry.npmjs.org/minipass/-/minipass-5.0.0.tgz 90ms (cache miss)
147 http fetch GET 200 https://registry.npmjs.org/fs-minipass/-/fs-minipass-2.1.0.tgz 91ms (cache miss)
148 http fetch GET 200 https://registry.npmjs.org/minipass/-/minipass-3.3.6.tgz 107ms (cache miss)
149 http fetch GET 200 https://registry.npmjs.org/@railway/cli/-/cli-4.30.3.tgz 125ms (cache miss)
150 http fetch POST 200 https://registry.npmjs.org/-/npm/v1/security/advisories/bulk 149ms
151 silly audit report {
151 silly audit report   tar: [
151 silly audit report     {
151 silly audit report       id: 1112329,
151 silly audit report       url: 'https://github.com/advisories/GHSA-r6q2-hw4h-h46w',
151 silly audit report       title: 'Race Condition in node-tar Path Reservations via Unicode Ligature Collisions on macOS APFS',
151 silly audit report       severity: 'high',
151 silly audit report       vulnerable_versions: '<=7.5.3',
151 silly audit report       cwe: [Array],
151 silly audit report       cvss: [Object]
151 silly audit report     },
151 silly audit report     {
151 silly audit report       id: 1112659,
151 silly audit report       url: 'https://github.com/advisories/GHSA-34x7-hfp2-rc4v',
151 silly audit report       title: 'node-tar Vulnerable to Arbitrary File Creation/Overwrite via Hardlink Path Traversal',
151 silly audit report       severity: 'high',
151 silly audit report       vulnerable_versions: '<7.5.7',
151 silly audit report       cwe: [Array],
151 silly audit report       cvss: [Object]
151 silly audit report     },
151 silly audit report     {
151 silly audit report       id: 1113300,
151 silly audit report       url: 'https://github.com/advisories/GHSA-8qq5-rm4j-mr97',
151 silly audit report       title: 'node-tar is Vulnerable to Arbitrary File Overwrite and Symlink Poisoning via Insufficient Path Sanitization',
151 silly audit report       severity: 'high',
151 silly audit report       vulnerable_versions: '<=7.5.2',
151 silly audit report       cwe: [Array],
151 silly audit report       cvss: [Object]
151 silly audit report     },
151 silly audit report     {
151 silly audit report       id: 1113375,
151 silly audit report       url: 'https://github.com/advisories/GHSA-83g3-92jg-28cx',
151 silly audit report       title: 'Arbitrary File Read/Write via Hardlink Target Escape Through Symlink Chain in node-tar Extraction',
151 silly audit report       severity: 'high',
151 silly audit report       vulnerable_versions: '<7.5.8',
151 silly audit report       cwe: [Array],
151 silly audit report       cvss: [Object]
151 silly audit report     }
151 silly audit report   ]
151 silly audit report }
152 silly packumentCache corgi:https://registry.npmjs.org/tar cache-miss
153 http fetch GET 200 https://registry.npmjs.org/minipass/-/minipass-3.3.6.tgz 151ms (cache miss)
154 http fetch GET 200 https://registry.npmjs.org/fetch-blob/-/fetch-blob-3.2.0.tgz 166ms (cache miss)
155 http fetch GET 200 https://registry.npmjs.org/data-uri-to-buffer/-/data-uri-to-buffer-4.0.1.tgz 168ms (cache miss)
156 http fetch GET 200 https://registry.npmjs.org/@napi-rs/triples/-/triples-1.2.0.tgz 204ms (cache miss)
157 http fetch GET 200 https://registry.npmjs.org/minizlib/-/minizlib-2.1.2.tgz 205ms (cache miss)
158 http fetch GET 200 https://registry.npmjs.org/web-streams-polyfill/-/web-streams-polyfill-3.3.3.tgz 208ms (cache miss)
159 http fetch GET 200 https://registry.npmjs.org/tar 69ms (cache miss)
160 silly packumentCache corgi:https://registry.npmjs.org/tar set size:undefined disposed:false
161 http fetch GET 200 https://registry.npmjs.org/tar/-/tar-6.2.1.tgz 216ms (cache miss)
162 warn deprecated tar@6.2.1: Old versions of tar are not supported, and contain widely publicized security vulnerabilities, which have been fixed in the current version. Please update. Support for old versions may be purchased (at exorbitant rates) by contacting i@izs.me
163 silly packumentCache corgi:https://registry.npmjs.org/@railway%2fcli cache-miss
164 http cache https://registry.npmjs.org/@railway%2fcli 2ms (cache hit)
165 silly packumentCache corgi:https://registry.npmjs.org/@railway%2fcli set size:284049 disposed:false
166 http fetch GET 200 https://registry.npmjs.org/node-fetch/-/node-fetch-3.3.2.tgz 243ms (cache miss)
167 info run @railway/cli@4.30.3 postinstall node_modules/@railway/cli node ./npm-install/postinstall.js
168 info run @railway/cli@4.30.3 postinstall { code: 0, signal: null }
169 verbose cwd /home/mhpet/projects/fantasy-foundry
170 verbose os Linux 5.15.167.4-microsoft-standard-WSL2
171 verbose node v22.22.0
172 verbose npm  v11.10.0
173 notice
173 notice New patch version of npm available! 11.10.0 -> 11.10.1
173 notice Changelog: https://github.com/npm/cli/releases/tag/v11.10.1
173 notice To update run: npm install -g npm@11.10.1
173 notice  { force: true, [Symbol(proc-log.meta)]: true }
174 verbose exit 1
175 verbose code 1
